<?xml version="1.0" encoding="UTF-8"?>
<testsuite xmlns:xsi="http://www.w3.org/2001/XMLSchema-instance" xsi:noNamespaceSchemaLocation="https://maven.apache.org/surefire/maven-surefire-plugin/xsd/surefire-test-report.xsd" name="runner.TestRunner" time="111.605" tests="14" errors="0" skipped="0" failures="1">
  <properties>
[...]
</properties>
  <testcase name="Login with valid credentials #1" classname="Login functionality" time="8.96"/>
  <testcase name="Login with valid credentials #2" classname="Login functionality" time="7.915"/>
  <testcase name="Login with valid credentials #3" classname="Login functionality" time="7.56"/>
  <testcase name="Login with invalid credentials" classname="Login functionality" time="7.437"/>
  <testcase name="Login with valid email and invalid password" classname="Login functionality" time="7.884">
    <failure type="java.lang.AssertionError">java.lang.AssertionError
</failure>
    <system-out><![CDATA[
Scenario: Login with valid email and invalid password                              &amp#27;[90m# src/test/resources/features/Login.feature:22&amp#27;[0m
  &amp#27;[32mGiven &amp#27;[0m&amp#27;[32mUser navigates to login page&amp#27;[0m                                               &amp#27;[90m# stepdefinitons.Login.User_navigate_to_login_page()&amp#27;[0m
  &amp#27;[32mWhen &amp#27;[0m&amp#27;[32mUser enters valid email address &amp#27;[0m&amp#27;[32m&amp#27;[1m"uma6mahe@gmail.com"&amp#27;[0m&amp#27;[32m in email address field&amp#27;[0m &amp#27;[90m# stepdefinitons.Login.User_enters_valid_email_address_in_email_address_field(java.lang.String)&amp#27;[0m
  &amp#27;[32mAnd &amp#27;[0m&amp#27;[32mUser enters invalid password &amp#27;[0m&amp#27;[32m&amp#27;[1m"12345678"&amp#27;[0m&amp#27;[32m in password field&amp#27;[0m                    &amp#27;[90m# stepdefinitons.Login.User_enters_invalid_password_in_password_field(java.lang.String)&amp#27;[0m
  &amp#27;[32mAnd &amp#27;[0m&amp#27;[32mUser clicks on Login button&amp#27;[0m                                                  &amp#27;[90m# stepdefinitons.Login.User_clicks_on_Login_button()&amp#27;[0m
  &amp#27;[31mThen &amp#27;[0m&amp#27;[31mUser should get a warning message about credentials mismatch&amp#27;[0m                &amp#27;[90m# stepdefinitons.Login.user_should_get_a_warning_message_about_credentials_mismatch()&amp#27;[0m
      &amp#27;[31mjava.lang.AssertionError
	at org.junit.Assert.fail(Assert.java:86)
	at org.junit.Assert.assertTrue(Assert.java:41)
	at org.junit.Assert.assertTrue(Assert.java:52)
	at stepdefinitons.Login.user_should_get_a_warning_message_about_credentials_mismatch(Login.java:82)
	at âœ½.User should get a warning message about credentials mismatch(file:///E:/TestingClass/CucumberWorkspace/TutorialsNinjaProject/src/test/resources/features/Login.feature:27)
&amp#27;[0m

    Embedding Login_with_valid_email_and_invalid_password [image/png 303218 bytes]

]]></system-out>
  </testcase>
  <testcase name="Login with invalid email and valid password" classname="Login functionality" time="7.403"/>
  <testcase name="Login without any credentials" classname="Login functionality" time="7.196"/>
  <testcase name="User creates an account only with mandatory fields" classname="Registration functionality" time="9.717"/>
  <testcase name="User creates an account with all fields" classname="Registration functionality" time="9.217"/>
  <testcase name="User creates a duplicate account" classname="Registration functionality" time="8.718"/>
  <testcase name="User creates an account without any details" classname="Registration functionality" time="8.578"/>
  <testcase name="User searches for a valid product" classname="Search functionality" time="6.228"/>
  <testcase name="User searches for a invalid product" classname="Search functionality" time="5.964"/>
  <testcase name="User searches without any product" classname="Search functionality" time="5.817"/>
</testsuite>